<?xml version="1.0" encoding="UTF-8"?>
<!-- Generated by org.testng.reporters.JUnitXMLReporter -->
<testsuite hostname="DESKTOP-3SC9ET4" ignored="0" name="Default test" tests="7" failures="0" timestamp="19 фев 2018 08:42:04 GMT" time="0.196" errors="0">
  <testcase name="calculationTest" time="0.118" classname="com.softserve.edu.FirstTest"/>
  <testcase name="calculationTest" time="0.003" classname="com.softserve.edu.FirstTest"/>
  <testcase name="calculationTest" time="0.002" classname="com.softserve.edu.FirstTest"/>
  <testcase name="calculationTest" time="0.002" classname="com.softserve.edu.FirstTest"/>
  <testcase name="validTest" time="0.003" classname="com.softserve.edu.FirstTest"/>
  <testcase name="validTest" time="0.002" classname="com.softserve.edu.FirstTest"/>
  <testcase name="validTest" time="0.005" classname="com.softserve.edu.FirstTest"/>
</testsuite> <!-- Default test -->
