<?xml version="1.0" encoding="UTF-8"?>
<testng-results skipped="0" failed="0" ignored="0" total="7" passed="7">
  <reporter-output>
  </reporter-output>
  <suite name="Default suite" duration-ms="196" started-at="2018-02-19T08:42:04Z" finished-at="2018-02-19T08:42:04Z">
    <groups>
    </groups>
    <test name="Default test" duration-ms="196" started-at="2018-02-19T08:42:04Z" finished-at="2018-02-19T08:42:04Z">
      <class name="com.softserve.edu.FirstTest">
        <test-method status="PASS" signature="calculationTest(int, int, int)[pri:0, instance:com.softserve.edu.FirstTest@7f9a81e8]" name="calculationTest" duration-ms="118" started-at="2018-02-19T08:42:04Z" data-provider="calc-data-provider" finished-at="2018-02-19T08:42:04Z">
          <params>
            <param index="0">
              <value>
                <![CDATA[456]]>
              </value>
            </param>
            <param index="1">
              <value>
                <![CDATA[2]]>
              </value>
            </param>
            <param index="2">
              <value>
                <![CDATA[11]]>
              </value>
            </param>
          </params>
          <reporter-output>
          </reporter-output>
        </test-method> <!-- calculationTest -->
        <test-method status="PASS" signature="calculationTest(int, int, int)[pri:0, instance:com.softserve.edu.FirstTest@7f9a81e8]" name="calculationTest" duration-ms="3" started-at="2018-02-19T08:42:04Z" data-provider="calc-data-provider" finished-at="2018-02-19T08:42:04Z">
          <params>
            <param index="0">
              <value>
                <![CDATA[-457]]>
              </value>
            </param>
            <param index="1">
              <value>
                <![CDATA[2]]>
              </value>
            </param>
            <param index="2">
              <value>
                <![CDATA[12]]>
              </value>
            </param>
          </params>
          <reporter-output>
          </reporter-output>
        </test-method> <!-- calculationTest -->
        <test-method status="PASS" signature="calculationTest(int, int, int)[pri:0, instance:com.softserve.edu.FirstTest@7f9a81e8]" name="calculationTest" duration-ms="2" started-at="2018-02-19T08:42:04Z" data-provider="calc-data-provider" finished-at="2018-02-19T08:42:04Z">
          <params>
            <param index="0">
              <value>
                <![CDATA[784]]>
              </value>
            </param>
            <param index="1">
              <value>
                <![CDATA[1]]>
              </value>
            </param>
            <param index="2">
              <value>
                <![CDATA[4]]>
              </value>
            </param>
          </params>
          <reporter-output>
          </reporter-output>
        </test-method> <!-- calculationTest -->
        <test-method status="PASS" signature="calculationTest(int, int, int)[pri:0, instance:com.softserve.edu.FirstTest@7f9a81e8]" name="calculationTest" duration-ms="2" started-at="2018-02-19T08:42:04Z" data-provider="calc-data-provider" finished-at="2018-02-19T08:42:04Z">
          <params>
            <param index="0">
              <value>
                <![CDATA[478]]>
              </value>
            </param>
            <param index="1">
              <value>
                <![CDATA[3]]>
              </value>
            </param>
            <param index="2">
              <value>
                <![CDATA[19]]>
              </value>
            </param>
          </params>
          <reporter-output>
          </reporter-output>
        </test-method> <!-- calculationTest -->
        <test-method status="PASS" signature="validTest(int, int, boolean)[pri:0, instance:com.softserve.edu.FirstTest@7f9a81e8]" name="validTest" duration-ms="3" started-at="2018-02-19T08:42:04Z" data-provider="valid-data-provider" finished-at="2018-02-19T08:42:04Z">
          <params>
            <param index="0">
              <value>
                <![CDATA[456]]>
              </value>
            </param>
            <param index="1">
              <value>
                <![CDATA[2]]>
              </value>
            </param>
            <param index="2">
              <value>
                <![CDATA[true]]>
              </value>
            </param>
          </params>
          <reporter-output>
          </reporter-output>
        </test-method> <!-- validTest -->
        <test-method status="PASS" signature="validTest(int, int, boolean)[pri:0, instance:com.softserve.edu.FirstTest@7f9a81e8]" name="validTest" duration-ms="2" started-at="2018-02-19T08:42:04Z" data-provider="valid-data-provider" finished-at="2018-02-19T08:42:04Z">
          <params>
            <param index="0">
              <value>
                <![CDATA[-456]]>
              </value>
            </param>
            <param index="1">
              <value>
                <![CDATA[2]]>
              </value>
            </param>
            <param index="2">
              <value>
                <![CDATA[true]]>
              </value>
            </param>
          </params>
          <reporter-output>
          </reporter-output>
        </test-method> <!-- validTest -->
        <test-method status="PASS" signature="validTest(int, int, boolean)[pri:0, instance:com.softserve.edu.FirstTest@7f9a81e8]" name="validTest" duration-ms="5" started-at="2018-02-19T08:42:04Z" data-provider="valid-data-provider" finished-at="2018-02-19T08:42:04Z">
          <params>
            <param index="0">
              <value>
                <![CDATA[656]]>
              </value>
            </param>
            <param index="1">
              <value>
                <![CDATA[4]]>
              </value>
            </param>
            <param index="2">
              <value>
                <![CDATA[false]]>
              </value>
            </param>
          </params>
          <reporter-output>
          </reporter-output>
        </test-method> <!-- validTest -->
      </class> <!-- com.softserve.edu.FirstTest -->
    </test> <!-- Default test -->
  </suite> <!-- Default suite -->
</testng-results>
